1695524990148:findAllBooks
1695525014466:find-all-books
1695525076611:help
1695525091392:stacktrace
1695525464747:find-all-books
1695525483086:save-book
1695525510129:save-book abc wolber 2023
1695525519152:find-all-books
1731792472110:help
1731792497535:save-book "The Idiot" "Dostoyevsky" 1923
1731792515125:find-all-books
1732399541532:save-note "1" "john" "hip flexor stressor"
1732399558436:save-note "1" "greg" "waist flexor stressor"
1732399580523:save-note "2" "samantha" "waist tear"
1732399587324:find-all-notes
1732399789534:find-notes-by-owner "2"
1732399792862:find-notes-by-owner "1"
1732407957688:find-all-notes
1732408127613:save-note "sally" "the patient is good"
1732408145094:save-note "1" "sally" "note here"
1732417081312:find-notes-by-owner "1"
1732417241249:summarize-item [{bodyPart:"leg",muscles:"hamstring",memo:"frequent knots"}]
1732417308942:summarize-item [new Item("leg","hamstring")]
1732417340584:Item i = new Item("leg","hamstring");
1732417593259:summarize-item "leg" "hamstring" "tightness in the upper area"
